2022.03.30 20:47:40 INFO  tracing is disabled for protocol LSP, to enable tracing of incoming and outgoing JSON messages create an empty file at /home/ema/csci 169/.metals/lsp.trace.json or /home/ema/.cache/metals/lsp.trace.json
2022.03.30 20:47:41 INFO  logging to file /home/ema/csci 169/.metals/metals.log
2022.03.30 20:47:41 INFO  Started: Metals version 0.11.2 in workspace '/home/ema/csci 169' for client Visual Studio Code 1.65.2.
2022.03.30 20:47:41 INFO  Parse release: 11.0.14.1
2022.03.30 20:47:41 WARN  Can't instantiate JavaInteractiveSemanticdb (version: Some(JdkVersion(11,0)), jdkHome: /usr/lib/jvm/java-11-openjdk-amd64, javac exists: false)
2022.03.30 20:47:43 INFO  time: initialize in 2.48s
2022.03.30 20:47:44 WARN  Build server is not auto-connectable.
2022.03.30 20:47:44 WARN  no build tool detected in workspace '/home/ema/csci 169'. The most common cause for this problem is that the editor was opened in the wrong working directory, for example if you use sbt then the workspace directory should contain build.sbt. 
2022.03.30 20:47:47 WARN  no build target for: /home/ema/csci 169/Java/test.java
2022.03.30 20:48:46 INFO  
2022.03.30 20:48:46 INFO  Template applied in /home/ema/csci 169/Scalla/./hello-world
2022.03.30 20:48:46 INFO  
2022.03.30 20:48:46 INFO  time: ran 'giter8.Giter8' in 6.84s
2022.03.30 20:49:00 WARN  no build target for: /home/ema/csci 169/Scalla/hello-world/src/main/scala/Main.scala
2022.03.30 20:49:14 INFO  no build target found for /home/ema/csci 169/Scalla/hello-world/src/main/scala/Main.scala. Using presentation compiler with project's scala-library version: 3.1.1
2022.03.30 20:49:15 WARN  Build server is not auto-connectable.
2022.03.30 20:49:17 INFO  time: code lens generation in 15s
2022.03.30 20:49:17 INFO  time: code lens generation in 15s
2022.03.30 20:49:40 WARN  no build target for: /home/ema/csci 169/Java/test.java
2022.03.30 20:49:40 WARN  no build target for: /home/ema/csci 169/Scalla/hello-world/src/main/scala/Main.scala
2022.03.30 20:49:57 WARN  no build target for: /home/ema/csci 169/Scalla/hello-world/src/main/scala/Main.scala
Mar 30, 2022 8:49:57 PM org.eclipse.lsp4j.jsonrpc.RemoteEndpoint fallbackResponseError
SEVERE: Internal error: java.lang.reflect.InvocationTargetException
java.lang.RuntimeException: java.lang.reflect.InvocationTargetException
	at org.eclipse.lsp4j.jsonrpc.services.GenericEndpoint.lambda$null$0(GenericEndpoint.java:67)
	at org.eclipse.lsp4j.jsonrpc.services.GenericEndpoint.request(GenericEndpoint.java:120)
	at org.eclipse.lsp4j.jsonrpc.RemoteEndpoint.handleRequest(RemoteEndpoint.java:261)
	at org.eclipse.lsp4j.jsonrpc.RemoteEndpoint.consume(RemoteEndpoint.java:190)
	at org.eclipse.lsp4j.jsonrpc.json.StreamMessageProducer.handleMessage(StreamMessageProducer.java:194)
	at org.eclipse.lsp4j.jsonrpc.json.StreamMessageProducer.listen(StreamMessageProducer.java:94)
	at org.eclipse.lsp4j.jsonrpc.json.ConcurrentMessageProcessor.run(ConcurrentMessageProcessor.java:113)
	at java.base/java.util.concurrent.Executors$RunnableAdapter.call(Executors.java:515)
	at java.base/java.util.concurrent.FutureTask.run(FutureTask.java:264)
	at java.base/java.util.concurrent.ThreadPoolExecutor.runWorker(ThreadPoolExecutor.java:1128)
	at java.base/java.util.concurrent.ThreadPoolExecutor$Worker.run(ThreadPoolExecutor.java:628)
	at java.base/java.lang.Thread.run(Thread.java:829)
Caused by: java.lang.reflect.InvocationTargetException
	at java.base/jdk.internal.reflect.NativeMethodAccessorImpl.invoke0(Native Method)
	at java.base/jdk.internal.reflect.NativeMethodAccessorImpl.invoke(NativeMethodAccessorImpl.java:62)
	at java.base/jdk.internal.reflect.DelegatingMethodAccessorImpl.invoke(DelegatingMethodAccessorImpl.java:43)
	at java.base/java.lang.reflect.Method.invoke(Method.java:566)
	at org.eclipse.lsp4j.jsonrpc.services.GenericEndpoint.lambda$null$0(GenericEndpoint.java:65)
	... 11 more
Caused by: java.lang.IllegalArgumentException: Illegal character in path at index 21: file:///home/ema/csci 169/Scalla/hello-world/src/main/scala/Main.scala
	at java.base/java.net.URI.create(URI.java:883)
	at scala.meta.internal.metals.MetalsEnrichments$XtensionString.toAbsolutePath(MetalsEnrichments.scala:630)
	at scala.meta.internal.metals.MetalsEnrichments$XtensionString.toAbsolutePath(MetalsEnrichments.scala:621)
	at scala.meta.internal.metals.debug.DebugProvider.debugDiscovery(DebugProvider.scala:359)
	at scala.meta.internal.metals.MetalsLanguageServer.executeCommand(MetalsLanguageServer.scala:1828)
	... 16 more
Caused by: java.net.URISyntaxException: Illegal character in path at index 21: file:///home/ema/csci 169/Scalla/hello-world/src/main/scala/Main.scala
	at java.base/java.net.URI$Parser.fail(URI.java:2913)
	at java.base/java.net.URI$Parser.checkChars(URI.java:3084)
	at java.base/java.net.URI$Parser.parseHierarchical(URI.java:3166)
	at java.base/java.net.URI$Parser.parse(URI.java:3114)
	at java.base/java.net.URI.<init>(URI.java:600)
	at java.base/java.net.URI.create(URI.java:881)
	... 20 more

2022.03.30 20:51:04 WARN  no build target for: /home/ema/csci 169/Scalla/hello-world/build.sbt
Mar 30, 2022 8:51:31 PM org.eclipse.lsp4j.jsonrpc.RemoteEndpoint handleCancellation
WARNING: Unmatched cancel notification for request id 29
Mar 30, 2022 8:51:32 PM org.eclipse.lsp4j.jsonrpc.services.GenericEndpoint notify
INFO: Unsupported notification method: $/setTrace
2022.03.30 21:00:36 INFO  shutting down Metals
2022.03.30 21:03:49 INFO  tracing is disabled for protocol LSP, to enable tracing of incoming and outgoing JSON messages create an empty file at /home/ema/csci 169/.metals/lsp.trace.json or /home/ema/.cache/metals/lsp.trace.json
2022.03.30 21:03:50 INFO  logging to file /home/ema/csci 169/.metals/metals.log
2022.03.30 21:03:50 INFO  Started: Metals version 0.11.2 in workspace '/home/ema/csci 169' for client Visual Studio Code 1.65.2.
2022.03.30 21:03:50 INFO  Parse release: 11.0.14.1
2022.03.30 21:03:50 WARN  Can't instantiate JavaInteractiveSemanticdb (version: Some(JdkVersion(11,0)), jdkHome: /usr/lib/jvm/java-11-openjdk-amd64, javac exists: false)
2022.03.30 21:03:53 INFO  time: initialize in 2.54s
2022.03.30 21:03:53 WARN  Build server is not auto-connectable.
2022.03.30 21:03:53 WARN  no build tool detected in workspace '/home/ema/csci 169'. The most common cause for this problem is that the editor was opened in the wrong working directory, for example if you use sbt then the workspace directory should contain build.sbt. 
2022.03.30 21:03:56 WARN  no build target for: /home/ema/csci 169/Scalla/hello-world/src/main/scala/Main.scala
2022.03.30 21:04:01 INFO  no build target found for /home/ema/csci 169/Scalla/hello-world/src/main/scala/Main.scala. Using presentation compiler with project's scala-library version: 3.1.1
2022.03.30 21:04:03 INFO  time: code lens generation in 5.77s
2022.03.30 21:04:03 INFO  time: code lens generation in 5.77s
2022.03.30 21:04:14 WARN  Build server is not auto-connectable.
2022.03.30 21:04:21 WARN  no build tool detected in workspace '/home/ema/csci 169'. The most common cause for this problem is that the editor was opened in the wrong working directory, for example if you use sbt then the workspace directory should contain build.sbt. 
Mar 30, 2022 9:05:01 PM org.eclipse.lsp4j.jsonrpc.services.GenericEndpoint notify
INFO: Unsupported notification method: $/setTrace
